<?xml version="1.0" encoding="UTF-8"?>
<!-- Generated by org.testng.reporters.JUnitReportReporter -->
<testsuite hostname="HP" failures="0" tests="2" name="mypackage.TestNGParallelism" time="0.055" errors="0" timestamp="2020-03-04T19:25:16 IST" skipped="0">
  <testcase classname="mypackage.TestNGParallelism" name="testMethodsTwo" time="0.031"/>
  <testcase classname="mypackage.TestNGParallelism" name="testMethodsOne" time="0.024"/>
</testsuite> <!-- mypackage.TestNGParallelism -->
