<?xml version="1.0" encoding="UTF-8"?>
<!-- Generated by org.testng.reporters.JUnitReportReporter -->
<testsuite hostname="HP" failures="0" tests="1" name="mypackage.FirstTestNGFile" time="0.060" errors="0" timestamp="2020-03-09T15:47:35 IST" skipped="0">
  <testcase classname="mypackage.FirstTestNGFile" name="f" time="0.060"/>
</testsuite> <!-- mypackage.FirstTestNGFile -->
