<?xml version="1.0" encoding="UTF-8"?>
<!-- Generated by org.testng.reporters.JUnitReportReporter -->
<testsuite hostname="HP" failures="0" tests="4" name="mypackage.TestNGChildClass" time="0.029" errors="0" timestamp="2020-03-08T13:03:56 IST" skipped="0">
  <testcase classname="mypackage.TestNGChildClass" name="method4" time="0.009"/>
  <testcase classname="mypackage.TestNGChildClass" name="method2" time="0.009"/>
  <testcase classname="mypackage.TestNGChildClass" name="method3" time="0.006"/>
  <testcase classname="mypackage.TestNGChildClass" name="method1" time="0.005"/>
</testsuite> <!-- mypackage.TestNGChildClass -->
