<?xml version="1.0" encoding="UTF-8"?>
<!-- Generated by org.testng.reporters.JUnitReportReporter -->
<testsuite hostname="HP" failures="0" tests="9" name="mypackage.TestNGDependency" time="0.066" errors="0" timestamp="2020-03-08T13:03:56 IST" skipped="0">
  <testcase classname="mypackage.TestNGDependency" name="groupTestTwo" time="0.008"/>
  <testcase classname="mypackage.TestNGDependency" name="MobileStudentLogin" time="0.004"/>
  <testcase classname="mypackage.TestNGDependency" name="WebStudentLogin" time="0.004"/>
  <testcase classname="mypackage.TestNGDependency" name="Testcase3" time="0.003"/>
  <testcase classname="mypackage.TestNGDependency" name="groupTestThree" time="0.011"/>
  <testcase classname="mypackage.TestNGDependency" name="APIStudentLogin" time="0.018"/>
  <testcase classname="mypackage.TestNGDependency" name="groupTestOne" time="0.008"/>
  <testcase classname="mypackage.TestNGDependency" name="Testcase2" time="0.005"/>
  <testcase classname="mypackage.TestNGDependency" name="Testcase1" time="0.005"/>
</testsuite> <!-- mypackage.TestNGDependency -->
