<?xml version="1.0" encoding="UTF-8"?>
<!-- Generated by org.testng.reporters.JUnitReportReporter -->
<testsuite hostname="HP" failures="0" tests="1" name="loanpackage.Home_Loan" time="0.009" errors="0" timestamp="2020-03-05T22:32:15 IST" skipped="0">
  <testcase classname="loanpackage.Home_Loan" name="MobileLoginHomeLoan" time="0.009"/>
</testsuite> <!-- loanpackage.Home_Loan -->
