<?xml version="1.0" encoding="UTF-8"?>
<!-- Generated by org.testng.reporters.JUnitReportReporter -->
<testsuite hostname="HP" failures="0" tests="3" name="mypackage.TestNGDataProviders" time="0.044" errors="0" timestamp="2020-03-09T09:45:35 IST" skipped="0">
  <testcase classname="mypackage.TestNGDataProviders" name="setData" time="0.034"/>
  <testcase classname="mypackage.TestNGDataProviders" name="setData" time="0.005"/>
  <testcase classname="mypackage.TestNGDataProviders" name="setData" time="0.005"/>
</testsuite> <!-- mypackage.TestNGDataProviders -->
