<?xml version="1.0" encoding="UTF-8"?>
<!-- Generated by org.testng.reporters.JUnitReportReporter -->
<testsuite hostname="HP" failures="0" tests="2" name="onlineexamples.Test1" time="0.078" errors="0" timestamp="2020-03-01T11:12:19 IST" skipped="0">
  <testcase classname="onlineexamples.Test1" name="test1" time="0.069"/>
  <testcase classname="onlineexamples.Test1" name="test2" time="0.009"/>
</testsuite> <!-- onlineexamples.Test1 -->
