<?xml version="1.0" encoding="UTF-8"?>
<!-- Generated by org.testng.reporters.JUnitReportReporter -->
<testsuite hostname="HP" failures="0" tests="1" name="mypackage.TestNGAnnotation" time="0.041" errors="0" timestamp="2020-03-09T15:51:10 IST" skipped="0">
  <testcase classname="mypackage.TestNGAnnotation" name="f" time="0.041"/>
</testsuite> <!-- mypackage.TestNGAnnotation -->
