<?xml version="1.0" encoding="UTF-8"?>
<!-- Generated by org.testng.reporters.JUnitReportReporter -->
<testsuite hostname="HP" failures="0" tests="2" name="mypackage.TestNGTestMethodClass" time="0.419" errors="0" timestamp="2020-03-09T10:13:16 IST" skipped="0">
  <testcase classname="mypackage.TestNGTestMethodClass" name="testMethod" time="0.415"/>
  <testcase classname="mypackage.TestNGTestMethodClass" name="testMethod" time="0.004"/>
</testsuite> <!-- mypackage.TestNGTestMethodClass -->
