<?xml version="1.0" encoding="UTF-8"?>
<!-- Generated by org.testng.reporters.JUnitReportReporter -->
<testsuite hostname="HP" failures="0" tests="2" name="loanpackage.Fruits" time="0.069" errors="0" timestamp="2020-03-09T08:41:23 IST" skipped="0">
  <testcase classname="loanpackage.Fruits" name="orange" time="0.020"/>
  <testcase classname="loanpackage.Fruits" name="mango" time="0.049"/>
</testsuite> <!-- loanpackage.Fruits -->
