<?xml version="1.0" encoding="UTF-8"?>
<!-- Generated by org.testng.reporters.JUnitReportReporter -->
<testsuite hostname="HP" failures="0" tests="2" name="loanpackage.Vegetables" time="0.009" errors="0" timestamp="2020-03-09T08:41:23 IST" skipped="0">
  <testcase classname="loanpackage.Vegetables" name="c" time="0.006"/>
  <testcase classname="loanpackage.Vegetables" name="orange" time="0.003"/>
</testsuite> <!-- loanpackage.Vegetables -->
