<?xml version="1.0" encoding="UTF-8"?>
<!-- Generated by org.testng.reporters.JUnitReportReporter -->
<testsuite hostname="HP" failures="0" tests="3" name="mypackage.TestNGParameters1" time="0.086" errors="0" timestamp="2020-03-08T22:20:23 IST" skipped="0">
  <testcase classname="mypackage.TestNGParameters1" name="prameterTestThree" time="0.004"/>
  <testcase classname="mypackage.TestNGParameters1" name="prameterTestTwo" time="0.006"/>
  <testcase classname="mypackage.TestNGParameters1" name="prameterTestOne" time="0.076"/>
</testsuite> <!-- mypackage.TestNGParameters1 -->
