<?xml version="1.0" encoding="UTF-8"?>
<!-- Generated by org.testng.reporters.JUnitReportReporter -->
<testsuite skipped="0" hostname="HP" name="package1.NewTest" tests="1" failures="0" timestamp="2020-05-03T16:59:28 IST" time="0.035" errors="0">
  <testcase name="f" time="0.035" classname="package1.NewTest"/>
  <system-out/>
</testsuite> <!-- package1.NewTest -->
