<?xml version="1.0" encoding="UTF-8"?>
<!-- Generated by org.testng.reporters.JUnitReportReporter -->
<testsuite hostname="HP" failures="0" tests="1" name="onlineexamples.Personal_Loan" time="0.079" errors="0" timestamp="2020-03-05T17:17:09 IST" skipped="0">
  <testcase classname="onlineexamples.Personal_Loan" name="WebLoginPersonalLoan" time="0.079"/>
</testsuite> <!-- onlineexamples.Personal_Loan -->
