<?xml version="1.0" encoding="UTF-8"?>
<!-- Generated by org.testng.reporters.JUnitReportReporter -->
<testsuite hostname="HP" failures="0" tests="1" name="mypackage.TestNGRegExpression" time="0.041" errors="0" timestamp="2020-03-05T19:21:06 IST" skipped="0">
  <testcase classname="mypackage.TestNGRegExpression" name="owner_name" time="0.041"/>
</testsuite> <!-- mypackage.TestNGRegExpression -->
