<?xml version="1.0" encoding="UTF-8"?>
<!-- Generated by org.testng.reporters.JUnitReportReporter -->
<testsuite hostname="HP" failures="0" tests="3" name="mypackage.TestNGIncludeExcludeGroups" time="0.057" errors="0" timestamp="2020-03-05T23:32:21 IST" skipped="0">
  <testcase classname="mypackage.TestNGIncludeExcludeGroups" name="method1" time="0.040"/>
  <testcase classname="mypackage.TestNGIncludeExcludeGroups" name="method5" time="0.006"/>
  <testcase classname="mypackage.TestNGIncludeExcludeGroups" name="method2" time="0.011"/>
</testsuite> <!-- mypackage.TestNGIncludeExcludeGroups -->
