<?xml version="1.0" encoding="UTF-8"?>
<!-- Generated by org.testng.reporters.JUnitReportReporter -->
<testsuite hostname="HP" failures="0" tests="3" name="mypackage.TestNGGrouping" time="0.060" errors="0" timestamp="2020-03-08T13:03:56 IST" skipped="0">
  <testcase classname="mypackage.TestNGGrouping" name="testMethodOne" time="0.044"/>
  <testcase classname="mypackage.TestNGGrouping" name="testMethodTwo" time="0.006"/>
  <testcase classname="mypackage.TestNGGrouping" name="testMethodThree" time="0.010"/>
</testsuite> <!-- mypackage.TestNGGrouping -->
