<?xml version="1.0" encoding="UTF-8"?>
<!-- Generated by org.testng.reporters.JUnitReportReporter -->
<testsuite hostname="HP" failures="0" tests="2" name="mypackage.TestNGInheritedDependency" time="0.060" errors="0" timestamp="2020-03-08T12:17:15 IST" skipped="0">
  <testcase classname="mypackage.TestNGInheritedDependency" name="testTwo" time="0.055"/>
  <testcase classname="mypackage.TestNGInheritedDependency" name="testOne" time="0.005"/>
</testsuite> <!-- mypackage.TestNGInheritedDependency -->
