<?xml version="1.0" encoding="UTF-8"?>
<!-- Generated by org.testng.reporters.JUnitReportReporter -->
<testsuite hostname="HP" failures="0" tests="3" name="onlineexamples.Test2" time="0.049" errors="0" timestamp="2020-03-01T11:14:37 IST" skipped="0">
  <testcase classname="onlineexamples.Test2" name="APILoginCarLoan" time="0.040"/>
  <testcase classname="onlineexamples.Test2" name="MobileLoginCarLoan" time="0.006"/>
  <testcase classname="onlineexamples.Test2" name="WebLoginCarLoan" time="0.003"/>
</testsuite> <!-- onlineexamples.Test2 -->
