<?xml version="1.0" encoding="UTF-8"?>
<!-- Generated by org.testng.reporters.JUnitReportReporter -->
<testsuite hostname="HP" failures="0" tests="1" name="loanpackage.Personal_Loan" time="0.052" errors="0" timestamp="2020-03-05T22:32:15 IST" skipped="0">
  <testcase classname="loanpackage.Personal_Loan" name="WebLoginPersonalLoan" time="0.052"/>
</testsuite> <!-- loanpackage.Personal_Loan -->
