<?xml version="1.0" encoding="UTF-8"?>
<!-- Generated by org.testng.reporters.JUnitReportReporter -->
<testsuite hostname="HP" failures="0" tests="1" name="mypackage.TestNGParameters" time="0.059" errors="0" timestamp="2020-03-08T22:06:57 IST" skipped="0">
  <testcase classname="mypackage.TestNGParameters" name="parameterizedTest" time="0.059"/>
</testsuite> <!-- mypackage.TestNGParameters -->
