<?xml version="1.0" encoding="UTF-8"?>
<!-- Generated by org.testng.reporters.JUnitReportReporter -->
<testsuite hostname="HP" failures="0" tests="2" name="mypackage.TestNGParentClass" time="0.009" errors="0" timestamp="2020-03-08T13:03:56 IST" skipped="0">
  <testcase classname="mypackage.TestNGParentClass" name="method1" time="0.003"/>
  <testcase classname="mypackage.TestNGParentClass" name="method2" time="0.006"/>
</testsuite> <!-- mypackage.TestNGParentClass -->
