<?xml version="1.0" encoding="UTF-8"?>
<!-- Generated by org.testng.reporters.JUnitReportReporter -->
<testsuite hostname="HP" failures="0" tests="4" name="mypackage.ChildClass" time="0.020" errors="0" timestamp="2020-03-08T12:17:15 IST" skipped="0">
  <testcase classname="mypackage.ChildClass" name="testTwo" time="0.004"/>
  <testcase classname="mypackage.ChildClass" name="testOne" time="0.006"/>
  <testcase classname="mypackage.ChildClass" name="testFour" time="0.006"/>
  <testcase classname="mypackage.ChildClass" name="testThree" time="0.004"/>
</testsuite> <!-- mypackage.ChildClass -->
