<?xml version="1.0" encoding="UTF-8"?>
<!-- Generated by org.testng.reporters.JUnitReportReporter -->
<testsuite hostname="HP" failures="0" tests="5" name="mypackage.TestNGGrouping1" time="0.059" errors="0" timestamp="2020-03-04T19:22:53 IST" skipped="0">
  <testcase classname="mypackage.TestNGGrouping1" name="Car1" time="0.039"/>
  <testcase classname="mypackage.TestNGGrouping1" name="Car2" time="0.006"/>
  <testcase classname="mypackage.TestNGGrouping1" name="Scooter2" time="0.005"/>
  <testcase classname="mypackage.TestNGGrouping1" name="Sedan1" time="0.004"/>
  <testcase classname="mypackage.TestNGGrouping1" name="Scooter1" time="0.005"/>
</testsuite> <!-- mypackage.TestNGGrouping1 -->
