<?xml version="1.0" encoding="UTF-8"?>
<!-- Generated by org.testng.reporters.JUnitReportReporter -->
<testsuite hostname="HP" failures="0" tests="1" name="loanpackage.Car_Loan" time="0.007" errors="0" timestamp="2020-03-05T22:32:15 IST" skipped="0">
  <testcase classname="loanpackage.Car_Loan" name="APILoginCarLoan" time="0.007"/>
</testsuite> <!-- loanpackage.Car_Loan -->
