<?xml version="1.0" encoding="UTF-8"?>
<!-- Generated by org.testng.reporters.JUnitReportReporter -->
<testsuite hostname="HP" failures="0" tests="1" name="onlineexamples.Car_Loan" time="0.008" errors="0" timestamp="2020-03-05T17:17:09 IST" skipped="0">
  <testcase classname="onlineexamples.Car_Loan" name="APILoginCarLoan" time="0.008"/>
</testsuite> <!-- onlineexamples.Car_Loan -->
