<?xml version="1.0" encoding="UTF-8"?>
<!-- Generated by org.testng.reporters.JUnitReportReporter -->
<testsuite hostname="HP" failures="0" tests="2" name="mypackage.TestNGIncludeExclude" time="0.069" errors="0" timestamp="2020-03-05T19:04:08 IST" skipped="1">
  <testcase classname="mypackage.TestNGIncludeExclude" name="method4" time="0.069"/>
  <testcase classname="mypackage.TestNGIncludeExclude" name="method3">
    <skipped/>
  </testcase> <!-- method3 -->
</testsuite> <!-- mypackage.TestNGIncludeExclude -->
