<?xml version="1.0" encoding="UTF-8"?>
<!-- Generated by org.testng.reporters.JUnitReportReporter -->
<testsuite hostname="HP" failures="0" tests="4" name="mypackage.TestNGMultipleGroups" time="0.059" errors="0" timestamp="2020-03-06T02:15:35 IST" skipped="0">
  <testcase classname="mypackage.TestNGMultipleGroups" name="method1" time="0.045"/>
  <testcase classname="mypackage.TestNGMultipleGroups" name="method2" time="0.004"/>
  <testcase classname="mypackage.TestNGMultipleGroups" name="method3" time="0.003"/>
  <testcase classname="mypackage.TestNGMultipleGroups" name="method2" time="0.007"/>
</testsuite> <!-- mypackage.TestNGMultipleGroups -->
