<?xml version="1.0" encoding="UTF-8"?>
<!-- Generated by org.testng.reporters.JUnitReportReporter -->
<testsuite hostname="HP" failures="0" tests="2" name="mypackage.TestNGGrouping2" time="0.072" errors="0" timestamp="2020-03-05T07:23:33 IST" skipped="0">
  <testcase classname="mypackage.TestNGGrouping2" name="testMethodThree" time="0.008"/>
  <testcase classname="mypackage.TestNGGrouping2" name="testMethodOne" time="0.064"/>
</testsuite> <!-- mypackage.TestNGGrouping2 -->
