<?xml version="1.0" encoding="UTF-8"?>
<!-- Generated by org.testng.reporters.JUnitReportReporter -->
<testsuite hostname="HP" failures="0" tests="2" name="mypackage.TestNGMetaGroups" time="0.047" errors="0" timestamp="2020-03-06T00:20:21 IST" skipped="0">
  <testcase classname="mypackage.TestNGMetaGroups" name="test1" time="0.040"/>
  <testcase classname="mypackage.TestNGMetaGroups" name="test2" time="0.007"/>
</testsuite> <!-- mypackage.TestNGMetaGroups -->
