<?xml version="1.0" encoding="UTF-8"?>
<!-- Generated by org.testng.reporters.JUnitReportReporter -->
<testsuite hostname="HP" failures="0" tests="7" name="mypackage.MoreTestNGAnnotation" time="0.115" errors="0" timestamp="2020-03-09T15:57:29 IST" skipped="0">
  <testcase classname="mypackage.MoreTestNGAnnotation" name="a_method" time="0.082"/>
  <testcase classname="mypackage.MoreTestNGAnnotation" name="method2" time="0.008"/>
  <testcase classname="mypackage.MoreTestNGAnnotation" name="b_method" time="0.005"/>
  <testcase classname="mypackage.MoreTestNGAnnotation" name="d_method" time="0.005"/>
  <testcase classname="mypackage.MoreTestNGAnnotation" name="method4" time="0.005"/>
  <testcase classname="mypackage.MoreTestNGAnnotation" name="method1" time="0.005"/>
  <testcase classname="mypackage.MoreTestNGAnnotation" name="method3" time="0.005"/>
</testsuite> <!-- mypackage.MoreTestNGAnnotation -->
